<?xml version="1.0" encoding="UTF-8"?>
<testsuite name="ohtu.MultiplierTest" tests="1" skipped="0" failures="0" errors="0" timestamp="2021-03-18T12:03:35" hostname="lx0-fuxi055" time="0.002">
  <properties/>
  <testcase name="kertominenToimii" classname="ohtu.MultiplierTest" time="0.002"/>
  <system-out><![CDATA[]]></system-out>
  <system-err><![CDATA[]]></system-err>
</testsuite>
