<?xml version="1.0" encoding="UTF-8"?>
<testsuite name="ohtuesimerkki.StatisticsTest" tests="4" skipped="0" failures="0" errors="0" timestamp="2021-03-18T11:23:37" hostname="lx0-fuxi055" time="0.006">
  <properties/>
  <testcase name="topScorersAreListedCorrectly" classname="ohtuesimerkki.StatisticsTest" time="0.005"/>
  <testcase name="searchingInvalidPlayerReturnsNull" classname="ohtuesimerkki.StatisticsTest" time="0.0"/>
  <testcase name="searchByTeamReturnCorrectPlayers" classname="ohtuesimerkki.StatisticsTest" time="0.0"/>
  <testcase name="correctStatisticsAreShownForExistingPlayer" classname="ohtuesimerkki.StatisticsTest" time="0.0"/>
  <system-out><![CDATA[]]></system-out>
  <system-err><![CDATA[]]></system-err>
</testsuite>
